# JRE version: OpenJDK Runtime Environment (8.0_252-b09) (build 1.8.0_252-8u252-b09-1~18.04-b09)
# Java VM: OpenJDK 64-Bit Server VM (25.252-b09 mixed mode linux-amd64 compressed oops)
Heap:
 PSYoungGen      total 139264K, used 31027K [0x000000076d300000, 0x0000000779080000, 0x00000007c0000000)
  eden space 129024K, 16% used [0x000000076d300000,0x000000076e74de20,0x0000000775100000)
  from space 10240K, 99% used [0x0000000775100000,0x0000000775aff1b0,0x0000000775b00000)
  to   space 14336K, 0% used [0x0000000778280000,0x0000000778280000,0x0000000779080000)
 ParOldGen       total 96768K, used 11490K [0x00000006c7800000, 0x00000006cd680000, 0x000000076d300000)
  object space 96768K, 11% used [0x00000006c7800000,0x00000006c8338a60,0x00000006cd680000)
 Metaspace       used 32766K, capacity 34294K, committed 34432K, reserved 1079296K
  class space    used 4146K, capacity 4459K, committed 4480K, reserved 1048576K
GC Heap History (10 events):
Event: 2,159 GC heap before
{Heap before GC invocations=2 (full 0):
 PSYoungGen      total 74752K, used 74077K [0x000000076d300000, 0x0000000772600000, 0x00000007c0000000)
  eden space 64512K, 100% used [0x000000076d300000,0x0000000771200000,0x0000000771200000)
  from space 10240K, 93% used [0x0000000771200000,0x0000000771b575c8,0x0000000771c00000)
  to   space 10240K, 0% used [0x0000000771c00000,0x0000000771c00000,0x0000000772600000)
 ParOldGen       total 171008K, used 16K [0x00000006c7800000, 0x00000006d1f00000, 0x000000076d300000)
  object space 171008K, 0% used [0x00000006c7800000,0x00000006c7804000,0x00000006d1f00000)
 Metaspace       used 19446K, capacity 20316K, committed 20480K, reserved 1067008K
  class space    used 2548K, capacity 2740K, committed 2816K, reserved 1048576K
Event: 2,167 GC heap after
Heap after GC invocations=2 (full 0):
 PSYoungGen      total 74752K, used 10217K [0x000000076d300000, 0x0000000772600000, 0x00000007c0000000)
  eden space 64512K, 0% used [0x000000076d300000,0x000000076d300000,0x0000000771200000)
  from space 10240K, 99% used [0x0000000771c00000,0x00000007725fa5b8,0x0000000772600000)
  to   space 10240K, 0% used [0x0000000771200000,0x0000000771200000,0x0000000771c00000)
 ParOldGen       total 171008K, used 1967K [0x00000006c7800000, 0x00000006d1f00000, 0x000000076d300000)
  object space 171008K, 1% used [0x00000006c7800000,0x00000006c79ebed8,0x00000006d1f00000)
 Metaspace       used 19446K, capacity 20316K, committed 20480K, reserved 1067008K
  class space    used 2548K, capacity 2740K, committed 2816K, reserved 1048576K
}
Event: 2,265 GC heap before
{Heap before GC invocations=3 (full 0):
 PSYoungGen      total 74752K, used 16985K [0x000000076d300000, 0x0000000772600000, 0x00000007c0000000)
  eden space 64512K, 10% used [0x000000076d300000,0x000000076d99bfc8,0x0000000771200000)
  from space 10240K, 99% used [0x0000000771c00000,0x00000007725fa5b8,0x0000000772600000)
  to   space 10240K, 0% used [0x0000000771200000,0x0000000771200000,0x0000000771c00000)
 ParOldGen       total 171008K, used 1967K [0x00000006c7800000, 0x00000006d1f00000, 0x000000076d300000)
  object space 171008K, 1% used [0x00000006c7800000,0x00000006c79ebed8,0x00000006d1f00000)
 Metaspace       used 20225K, capacity 21212K, committed 21296K, reserved 1067008K
  class space    used 2659K, capacity 2864K, committed 2944K, reserved 1048576K
Event: 2,271 GC heap after
Heap after GC invocations=3 (full 0):
 PSYoungGen      total 74752K, used 8448K [0x000000076d300000, 0x0000000776500000, 0x00000007c0000000)
  eden space 64512K, 0% used [0x000000076d300000,0x000000076d300000,0x0000000771200000)
  from space 10240K, 82% used [0x0000000771200000,0x0000000771a40050,0x0000000771c00000)
  to   space 10240K, 0% used [0x0000000775b00000,0x0000000775b00000,0x0000000776500000)
 ParOldGen       total 171008K, used 1975K [0x00000006c7800000, 0x00000006d1f00000, 0x000000076d300000)
  object space 171008K, 1% used [0x00000006c7800000,0x00000006c79eded8,0x00000006d1f00000)
 Metaspace       used 20225K, capacity 21212K, committed 21296K, reserved 1067008K
  class space    used 2659K, capacity 2864K, committed 2944K, reserved 1048576K
}
Event: 2,271 GC heap before
{Heap before GC invocations=4 (full 1):
 PSYoungGen      total 74752K, used 8448K [0x000000076d300000, 0x0000000776500000, 0x00000007c0000000)
  eden space 64512K, 0% used [0x000000076d300000,0x000000076d300000,0x0000000771200000)
  from space 10240K, 82% used [0x0000000771200000,0x0000000771a40050,0x0000000771c00000)
  to   space 10240K, 0% used [0x0000000775b00000,0x0000000775b00000,0x0000000776500000)
 ParOldGen       total 171008K, used 1975K [0x00000006c7800000, 0x00000006d1f00000, 0x000000076d300000)
  object space 171008K, 1% used [0x00000006c7800000,0x00000006c79eded8,0x00000006d1f00000)
 Metaspace       used 20225K, capacity 21212K, committed 21296K, reserved 1067008K
  class space    used 2659K, capacity 2864K, committed 2944K, reserved 1048576K
Event: 2,298 GC heap after
Heap after GC invocations=4 (full 1):
 PSYoungGen      total 74752K, used 0K [0x000000076d300000, 0x0000000776500000, 0x00000007c0000000)
  eden space 64512K, 0% used [0x000000076d300000,0x000000076d300000,0x0000000771200000)
  from space 10240K, 0% used [0x0000000771200000,0x0000000771200000,0x0000000771c00000)
  to   space 10240K, 0% used [0x0000000775b00000,0x0000000775b00000,0x0000000776500000)
 ParOldGen       total 96768K, used 8276K [0x00000006c7800000, 0x00000006cd680000, 0x000000076d300000)
  object space 96768K, 8% used [0x00000006c7800000,0x00000006c8015190,0x00000006cd680000)
 Metaspace       used 20222K, capacity 21204K, committed 21296K, reserved 1067008K
  class space    used 2658K, capacity 2862K, committed 2944K, reserved 1048576K
}
Event: 2,946 GC heap before
{Heap before GC invocations=5 (full 1):
 PSYoungGen      total 74752K, used 64512K [0x000000076d300000, 0x0000000776500000, 0x00000007c0000000)
  eden space 64512K, 100% used [0x000000076d300000,0x0000000771200000,0x0000000771200000)
  from space 10240K, 0% used [0x0000000771200000,0x0000000771200000,0x0000000771c00000)
  to   space 10240K, 0% used [0x0000000775b00000,0x0000000775b00000,0x0000000776500000)
 ParOldGen       total 96768K, used 8276K [0x00000006c7800000, 0x00000006cd680000, 0x000000076d300000)
  object space 96768K, 8% used [0x00000006c7800000,0x00000006c8015190,0x00000006cd680000)
 Metaspace       used 25853K, capacity 27218K, committed 27392K, reserved 1073152K
  class space    used 3439K, capacity 3731K, committed 3840K, reserved 1048576K
Event: 2,953 GC heap after
Heap after GC invocations=5 (full 1):
 PSYoungGen      total 115712K, used 10226K [0x000000076d300000, 0x0000000776500000, 0x00000007c0000000)
  eden space 105472K, 0% used [0x000000076d300000,0x000000076d300000,0x0000000773a00000)
  from space 10240K, 99% used [0x0000000775b00000,0x00000007764fcbf8,0x0000000776500000)
  to   space 10240K, 0% used [0x0000000775100000,0x0000000775100000,0x0000000775b00000)
 ParOldGen       total 96768K, used 10296K [0x00000006c7800000, 0x00000006cd680000, 0x000000076d300000)
  object space 96768K, 10% used [0x00000006c7800000,0x00000006c820e050,0x00000006cd680000)
 Metaspace       used 25853K, capacity 27218K, committed 27392K, reserved 1073152K
  class space    used 3439K, capacity 3731K, committed 3840K, reserved 1048576K
}
Event: 507,122 GC heap before
{Heap before GC invocations=6 (full 1):
 PSYoungGen      total 115712K, used 115698K [0x000000076d300000, 0x0000000776500000, 0x00000007c0000000)
  eden space 105472K, 100% used [0x000000076d300000,0x0000000773a00000,0x0000000773a00000)
  from space 10240K, 99% used [0x0000000775b00000,0x00000007764fcbf8,0x0000000776500000)
  to   space 10240K, 0% used [0x0000000775100000,0x0000000775100000,0x0000000775b00000)
 ParOldGen       total 96768K, used 10296K [0x00000006c7800000, 0x00000006cd680000, 0x000000076d300000)
  object space 96768K, 10% used [0x00000006c7800000,0x00000006c820e050,0x00000006cd680000)
 Metaspace       used 32091K, capacity 33602K, committed 33920K, reserved 1079296K
  class space    used 4079K, capacity 4379K, committed 4480K, reserved 1048576K
Event: 507,139 GC heap after
Heap after GC invocations=6 (full 1):
 PSYoungGen      total 139264K, used 10236K [0x000000076d300000, 0x0000000779080000, 0x00000007c0000000)
  eden space 129024K, 0% used [0x000000076d300000,0x000000076d300000,0x0000000775100000)
  from space 10240K, 99% used [0x0000000775100000,0x0000000775aff1b0,0x0000000775b00000)
  to   space 14336K, 0% used [0x0000000778280000,0x0000000778280000,0x0000000779080000)
 ParOldGen       total 96768K, used 11490K [0x00000006c7800000, 0x00000006cd680000, 0x000000076d300000)
  object space 96768K, 11% used [0x00000006c7800000,0x00000006c8338a60,0x00000006cd680000)
 Metaspace       used 32091K, capacity 33602K, committed 33920K, reserved 1079296K
  class space    used 4079K, capacity 4379K, committed 4480K, reserved 1048576K
}

